app/build/intermediates/manifest_merge_blame_file/debug/processDebugMainManifest/manifest-merger-blame-debug-report.txt
1<?xml version="1.0" encoding="utf-8"?>
2<manifest xmlns:android="http://schemas.android.com/apk/res/android"
3    package="com.beraucoal.kakao"
4    android:versionCode="1"
5    android:versionName="0.1.0" >
6
7    <uses-sdk
8        android:minSdkVersion="26"
9        android:targetSdkVersion="34" />
10
11    <uses-permission android:name="android.permission.INTERNET" />
11-->src\main\AndroidManifest.xml:4:5-67
11-->src\main\AndroidManifest.xml:4:22-64
12    <uses-permission android:name="android.permission.ACCESS_NETWORK_STATE" />
12-->src\main\AndroidManifest.xml:5:5-79
12-->src\main\AndroidManifest.xml:5:22-76
13    <uses-permission android:name="android.permission.CAMERA" />
13-->src\main\AndroidManifest.xml:6:5-65
13-->src\main\AndroidManifest.xml:6:22-62
14    <uses-permission android:name="android.permission.ACCESS_FINE_LOCATION" />
14-->src\main\AndroidManifest.xml:7:5-79
14-->src\main\AndroidManifest.xml:7:22-76
15    <uses-permission android:name="android.permission.ACCESS_COARSE_LOCATION" />
15-->src\main\AndroidManifest.xml:8:5-81
15-->src\main\AndroidManifest.xml:8:22-78
16
17    <uses-feature
17-->src\main\AndroidManifest.xml:9:5-85
18        android:name="android.hardware.camera"
18-->src\main\AndroidManifest.xml:9:19-57
19        android:required="false" />
19-->src\main\AndroidManifest.xml:9:58-82
20    <uses-feature
20-->src\main\AndroidManifest.xml:10:5-95
21        android:name="android.hardware.camera.autofocus"
21-->src\main\AndroidManifest.xml:10:19-67
22        android:required="false" />
22-->src\main\AndroidManifest.xml:10:68-92
23    <uses-feature
23-->[com.google.android.gms:play-services-maps:18.2.0] AndroidManifest.xml:26:5-28:35
24        android:glEsVersion="0x00020000"
24-->[com.google.android.gms:play-services-maps:18.2.0] AndroidManifest.xml:27:9-41
25        android:required="true" />
25-->[com.google.android.gms:play-services-maps:18.2.0] AndroidManifest.xml:28:9-32
26
27    <queries>
27-->[com.google.android.gms:play-services-maps:18.2.0] AndroidManifest.xml:30:5-34:15
28
29        <!-- Needs to be explicitly declared on Android R+ -->
30        <package android:name="com.google.android.apps.maps" />
30-->[com.google.android.gms:play-services-maps:18.2.0] AndroidManifest.xml:33:9-64
30-->[com.google.android.gms:play-services-maps:18.2.0] AndroidManifest.xml:33:18-61
31    </queries>
32
33    <permission
33-->[androidx.core:core:1.13.0] AndroidManifest.xml:22:5-24:47
34        android:name="com.beraucoal.kakao.DYNAMIC_RECEIVER_NOT_EXPORTED_PERMISSION"
34-->[androidx.core:core:1.13.0] AndroidManifest.xml:23:9-81
35        android:protectionLevel="signature" />
35-->[androidx.core:core:1.13.0] AndroidManifest.xml:24:9-44
36
37    <uses-permission android:name="com.beraucoal.kakao.DYNAMIC_RECEIVER_NOT_EXPORTED_PERMISSION" />
37-->[androidx.core:core:1.13.0] AndroidManifest.xml:26:5-97
37-->[androidx.core:core:1.13.0] AndroidManifest.xml:26:22-94
38
39    <application
39-->src\main\AndroidManifest.xml:12:5-33:19
40        android:allowBackup="true"
40-->src\main\AndroidManifest.xml:13:9-35
41        android:appComponentFactory="androidx.core.app.CoreComponentFactory"
41-->[androidx.core:core:1.13.0] AndroidManifest.xml:28:18-86
42        android:debuggable="true"
43        android:extractNativeLibs="false"
44        android:icon="@mipmap/ic_launcher"
44-->src\main\AndroidManifest.xml:14:9-43
45        android:label="@string/app_name"
45-->src\main\AndroidManifest.xml:15:9-41
46        android:supportsRtl="true"
46-->src\main\AndroidManifest.xml:17:9-35
47        android:theme="@style/Theme.BerauCoalKakao" >
47-->src\main\AndroidManifest.xml:16:9-52
48
49        <!-- Google Maps API key disuntikkan secara dinamis oleh Gradle dari file .env -->
50        <meta-data
51            android:name="com.google.android.geo.API_KEY"
51-->src\main\AndroidManifest.xml:21:13-58
52            android:value="AIzaSyAJsSgvYN34FzSTuaZglYhWbuSMaiQ1gyo" />
52-->src\main\AndroidManifest.xml:22:13-42
53
54        <activity
54-->src\main\AndroidManifest.xml:24:9-32:20
55            android:name="com.beraucoal.kakao.MainActivity"
55-->src\main\AndroidManifest.xml:25:13-41
56            android:exported="true"
56-->src\main\AndroidManifest.xml:26:13-36
57            android:theme="@style/Theme.App.Starting" >
57-->src\main\AndroidManifest.xml:27:13-54
58            <intent-filter>
58-->src\main\AndroidManifest.xml:28:13-31:29
59                <action android:name="android.intent.action.MAIN" />
59-->src\main\AndroidManifest.xml:29:17-69
59-->src\main\AndroidManifest.xml:29:25-66
60
61                <category android:name="android.intent.category.LAUNCHER" />
61-->src\main\AndroidManifest.xml:30:17-77
61-->src\main\AndroidManifest.xml:30:27-74
62            </intent-filter>
63        </activity>
64
65        <service
65-->[androidx.camera:camera-camera2:1.3.4] AndroidManifest.xml:24:9-33:19
66            android:name="androidx.camera.core.impl.MetadataHolderService"
66-->[androidx.camera:camera-camera2:1.3.4] AndroidManifest.xml:25:13-75
67            android:enabled="false"
67-->[androidx.camera:camera-camera2:1.3.4] AndroidManifest.xml:26:13-36
68            android:exported="false" >
68-->[androidx.camera:camera-camera2:1.3.4] AndroidManifest.xml:27:13-37
69            <meta-data
69-->[androidx.camera:camera-camera2:1.3.4] AndroidManifest.xml:30:13-32:89
70                android:name="androidx.camera.core.impl.MetadataHolderService.DEFAULT_CONFIG_PROVIDER"
70-->[androidx.camera:camera-camera2:1.3.4] AndroidManifest.xml:31:17-103
71                android:value="androidx.camera.camera2.Camera2Config$DefaultProvider" />
71-->[androidx.camera:camera-camera2:1.3.4] AndroidManifest.xml:32:17-86
72        </service>
73        <service
73-->[com.google.mlkit:object-detection:17.0.2] AndroidManifest.xml:11:9-17:19
74            android:name="com.google.mlkit.common.internal.MlKitComponentDiscoveryService"
74-->[com.google.mlkit:object-detection:17.0.2] AndroidManifest.xml:12:13-91
75            android:directBootAware="true"
75-->[com.google.mlkit:common:18.11.0] AndroidManifest.xml:17:13-43
76            android:exported="false" >
76-->[com.google.mlkit:object-detection:17.0.2] AndroidManifest.xml:13:13-37
77            <meta-data
77-->[com.google.mlkit:object-detection:17.0.2] AndroidManifest.xml:14:13-16:85
78                android:name="com.google.firebase.components:com.google.mlkit.vision.objects.defaults.internal.DefaultObjectsRegistrar"
78-->[com.google.mlkit:object-detection:17.0.2] AndroidManifest.xml:15:17-136
79                android:value="com.google.firebase.components.ComponentRegistrar" />
79-->[com.google.mlkit:object-detection:17.0.2] AndroidManifest.xml:16:17-82
80            <meta-data
80-->[com.google.mlkit:vision-internal-vkp:18.2.3] AndroidManifest.xml:14:13-16:85
81                android:name="com.google.firebase.components:com.google.mlkit.vision.vkp.VkpRegistrar"
81-->[com.google.mlkit:vision-internal-vkp:18.2.3] AndroidManifest.xml:15:17-103
82                android:value="com.google.firebase.components.ComponentRegistrar" />
82-->[com.google.mlkit:vision-internal-vkp:18.2.3] AndroidManifest.xml:16:17-82
83            <meta-data
83-->[com.google.android.gms:play-services-mlkit-text-recognition-common:19.1.0] AndroidManifest.xml:12:13-14:85
84                android:name="com.google.firebase.components:com.google.mlkit.vision.text.internal.TextRegistrar"
84-->[com.google.android.gms:play-services-mlkit-text-recognition-common:19.1.0] AndroidManifest.xml:13:17-114
85                android:value="com.google.firebase.components.ComponentRegistrar" />
85-->[com.google.android.gms:play-services-mlkit-text-recognition-common:19.1.0] AndroidManifest.xml:14:17-82
86            <meta-data
86-->[com.google.mlkit:vision-common:17.3.0] AndroidManifest.xml:12:13-14:85
87                android:name="com.google.firebase.components:com.google.mlkit.vision.common.internal.VisionCommonRegistrar"
87-->[com.google.mlkit:vision-common:17.3.0] AndroidManifest.xml:13:17-124
88                android:value="com.google.firebase.components.ComponentRegistrar" />
88-->[com.google.mlkit:vision-common:17.3.0] AndroidManifest.xml:14:17-82
89            <meta-data
89-->[com.google.mlkit:common:18.11.0] AndroidManifest.xml:20:13-22:85
90                android:name="com.google.firebase.components:com.google.mlkit.common.internal.CommonComponentRegistrar"
90-->[com.google.mlkit:common:18.11.0] AndroidManifest.xml:21:17-120
91                android:value="com.google.firebase.components.ComponentRegistrar" />
91-->[com.google.mlkit:common:18.11.0] AndroidManifest.xml:22:17-82
92        </service>
93
94        <provider
94-->[com.google.mlkit:common:18.11.0] AndroidManifest.xml:9:9-13:38
95            android:name="com.google.mlkit.common.internal.MlKitInitProvider"
95-->[com.google.mlkit:common:18.11.0] AndroidManifest.xml:10:13-78
96            android:authorities="com.beraucoal.kakao.mlkitinitprovider"
96-->[com.google.mlkit:common:18.11.0] AndroidManifest.xml:11:13-69
97            android:exported="false"
97-->[com.google.mlkit:common:18.11.0] AndroidManifest.xml:12:13-37
98            android:initOrder="99" />
98-->[com.google.mlkit:common:18.11.0] AndroidManifest.xml:13:13-35
99
100        <meta-data
100-->[com.google.maps.android:android-maps-utils:3.8.2] AndroidManifest.xml:8:9-10:69
101            android:name="com.google.android.gms.version"
101-->[com.google.maps.android:android-maps-utils:3.8.2] AndroidManifest.xml:9:13-58
102            android:value="@integer/google_play_services_version" /> <!-- Needs to be explicitly declared on P+ -->
102-->[com.google.maps.android:android-maps-utils:3.8.2] AndroidManifest.xml:10:13-66
103        <uses-library
103-->[com.google.android.gms:play-services-maps:18.2.0] AndroidManifest.xml:39:9-41:40
104            android:name="org.apache.http.legacy"
104-->[com.google.android.gms:play-services-maps:18.2.0] AndroidManifest.xml:40:13-50
105            android:required="false" />
105-->[com.google.android.gms:play-services-maps:18.2.0] AndroidManifest.xml:41:13-37
106
107        <activity
107-->[com.google.android.gms:play-services-base:18.5.0] AndroidManifest.xml:5:9-173
108            android:name="com.google.android.gms.common.api.GoogleApiActivity"
108-->[com.google.android.gms:play-services-base:18.5.0] AndroidManifest.xml:5:19-85
109            android:exported="false"
109-->[com.google.android.gms:play-services-base:18.5.0] AndroidManifest.xml:5:146-170
110            android:theme="@android:style/Theme.Translucent.NoTitleBar" />
110-->[com.google.android.gms:play-services-base:18.5.0] AndroidManifest.xml:5:86-145
111
112        <provider
112-->[androidx.emoji2:emoji2:1.3.0] AndroidManifest.xml:24:9-32:20
113            android:name="androidx.startup.InitializationProvider"
113-->[androidx.emoji2:emoji2:1.3.0] AndroidManifest.xml:25:13-67
114            android:authorities="com.beraucoal.kakao.androidx-startup"
114-->[androidx.emoji2:emoji2:1.3.0] AndroidManifest.xml:26:13-68
115            android:exported="false" >
115-->[androidx.emoji2:emoji2:1.3.0] AndroidManifest.xml:27:13-37
116            <meta-data
116-->[androidx.emoji2:emoji2:1.3.0] AndroidManifest.xml:29:13-31:52
117                android:name="androidx.emoji2.text.EmojiCompatInitializer"
117-->[androidx.emoji2:emoji2:1.3.0] AndroidManifest.xml:30:17-75
118                android:value="androidx.startup" />
118-->[androidx.emoji2:emoji2:1.3.0] AndroidManifest.xml:31:17-49
119            <meta-data
119-->[androidx.lifecycle:lifecycle-process:2.8.2] AndroidManifest.xml:29:13-31:52
120                android:name="androidx.lifecycle.ProcessLifecycleInitializer"
120-->[androidx.lifecycle:lifecycle-process:2.8.2] AndroidManifest.xml:30:17-78
121                android:value="androidx.startup" />
121-->[androidx.lifecycle:lifecycle-process:2.8.2] AndroidManifest.xml:31:17-49
122            <meta-data
122-->[androidx.profileinstaller:profileinstaller:1.3.1] AndroidManifest.xml:29:13-31:52
123                android:name="androidx.profileinstaller.ProfileInstallerInitializer"
123-->[androidx.profileinstaller:profileinstaller:1.3.1] AndroidManifest.xml:30:17-85
124                android:value="androidx.startup" />
124-->[androidx.profileinstaller:profileinstaller:1.3.1] AndroidManifest.xml:31:17-49
125        </provider>
126
127        <service
127-->[com.google.android.datatransport:transport-backend-cct:2.3.3] AndroidManifest.xml:29:9-35:19
128            android:name="com.google.android.datatransport.runtime.backends.TransportBackendDiscovery"
128-->[com.google.android.datatransport:transport-backend-cct:2.3.3] AndroidManifest.xml:30:13-103
129            android:exported="false" >
129-->[com.google.android.datatransport:transport-backend-cct:2.3.3] AndroidManifest.xml:31:13-37
130            <meta-data
130-->[com.google.android.datatransport:transport-backend-cct:2.3.3] AndroidManifest.xml:32:13-34:39
131                android:name="backend:com.google.android.datatransport.cct.CctBackendFactory"
131-->[com.google.android.datatransport:transport-backend-cct:2.3.3] AndroidManifest.xml:33:17-94
132                android:value="cct" />
132-->[com.google.android.datatransport:transport-backend-cct:2.3.3] AndroidManifest.xml:34:17-36
133        </service>
134        <service
134-->[com.google.android.datatransport:transport-runtime:2.2.6] AndroidManifest.xml:26:9-30:19
135            android:name="com.google.android.datatransport.runtime.scheduling.jobscheduling.JobInfoSchedulerService"
135-->[com.google.android.datatransport:transport-runtime:2.2.6] AndroidManifest.xml:27:13-117
136            android:exported="false"
136-->[com.google.android.datatransport:transport-runtime:2.2.6] AndroidManifest.xml:28:13-37
137            android:permission="android.permission.BIND_JOB_SERVICE" >
137-->[com.google.android.datatransport:transport-runtime:2.2.6] AndroidManifest.xml:29:13-69
138        </service>
139
140        <receiver
140-->[com.google.android.datatransport:transport-runtime:2.2.6] AndroidManifest.xml:32:9-34:40
141            android:name="com.google.android.datatransport.runtime.scheduling.jobscheduling.AlarmManagerSchedulerBroadcastReceiver"
141-->[com.google.android.datatransport:transport-runtime:2.2.6] AndroidManifest.xml:33:13-132
142            android:exported="false" />
142-->[com.google.android.datatransport:transport-runtime:2.2.6] AndroidManifest.xml:34:13-37
143        <receiver
143-->[androidx.profileinstaller:profileinstaller:1.3.1] AndroidManifest.xml:34:9-52:20
144            android:name="androidx.profileinstaller.ProfileInstallReceiver"
144-->[androidx.profileinstaller:profileinstaller:1.3.1] AndroidManifest.xml:35:13-76
145            android:directBootAware="false"
145-->[androidx.profileinstaller:profileinstaller:1.3.1] AndroidManifest.xml:36:13-44
146            android:enabled="true"
146-->[androidx.profileinstaller:profileinstaller:1.3.1] AndroidManifest.xml:37:13-35
147            android:exported="true"
147-->[androidx.profileinstaller:profileinstaller:1.3.1] AndroidManifest.xml:38:13-36
148            android:permission="android.permission.DUMP" >
148-->[androidx.profileinstaller:profileinstaller:1.3.1] AndroidManifest.xml:39:13-57
149            <intent-filter>
149-->[androidx.profileinstaller:profileinstaller:1.3.1] AndroidManifest.xml:40:13-42:29
150                <action android:name="androidx.profileinstaller.action.INSTALL_PROFILE" />
150-->[androidx.profileinstaller:profileinstaller:1.3.1] AndroidManifest.xml:41:17-91
150-->[androidx.profileinstaller:profileinstaller:1.3.1] AndroidManifest.xml:41:25-88
151            </intent-filter>
152            <intent-filter>
152-->[androidx.profileinstaller:profileinstaller:1.3.1] AndroidManifest.xml:43:13-45:29
153                <action android:name="androidx.profileinstaller.action.SKIP_FILE" />
153-->[androidx.profileinstaller:profileinstaller:1.3.1] AndroidManifest.xml:44:17-85
153-->[androidx.profileinstaller:profileinstaller:1.3.1] AndroidManifest.xml:44:25-82
154            </intent-filter>
155            <intent-filter>
155-->[androidx.profileinstaller:profileinstaller:1.3.1] AndroidManifest.xml:46:13-48:29
156                <action android:name="androidx.profileinstaller.action.SAVE_PROFILE" />
156-->[androidx.profileinstaller:profileinstaller:1.3.1] AndroidManifest.xml:47:17-88
156-->[androidx.profileinstaller:profileinstaller:1.3.1] AndroidManifest.xml:47:25-85
157            </intent-filter>
158            <intent-filter>
158-->[androidx.profileinstaller:profileinstaller:1.3.1] AndroidManifest.xml:49:13-51:29
159                <action android:name="androidx.profileinstaller.action.BENCHMARK_OPERATION" />
159-->[androidx.profileinstaller:profileinstaller:1.3.1] AndroidManifest.xml:50:17-95
159-->[androidx.profileinstaller:profileinstaller:1.3.1] AndroidManifest.xml:50:25-92
160            </intent-filter>
161        </receiver>
162    </application>
163
164</manifest>